c:\githubrepo\okaso-engine\game\x64\debug\vc143.pdb
c:\githubrepo\okaso-engine\game\x64\debug\vc143.idb
c:\githubrepo\okaso-engine\game\x64\debug\main.obj
c:\githubrepo\okaso-engine\game\x64\debug\game.obj
c:\githubrepo\okaso-engine\release\game.lib
c:\githubrepo\okaso-engine\release\game.exp
c:\githubrepo\okaso-engine\game\x64\debug\game.ilk
c:\githubrepo\okaso-engine\release\game.pdb
c:\githubrepo\okaso-engine\game\x64\debug\game.tlog\cl.command.1.tlog
c:\githubrepo\okaso-engine\game\x64\debug\game.tlog\cl.items.tlog
c:\githubrepo\okaso-engine\game\x64\debug\game.tlog\cl.read.1.tlog
c:\githubrepo\okaso-engine\game\x64\debug\game.tlog\cl.write.1.tlog
c:\githubrepo\okaso-engine\game\x64\debug\game.tlog\link-cvtres.read.1.tlog
c:\githubrepo\okaso-engine\game\x64\debug\game.tlog\link-cvtres.write.1.tlog
c:\githubrepo\okaso-engine\game\x64\debug\game.tlog\link-rc.read.1.tlog
c:\githubrepo\okaso-engine\game\x64\debug\game.tlog\link-rc.write.1.tlog
c:\githubrepo\okaso-engine\game\x64\debug\game.tlog\link.10444-cvtres.read.1.tlog
c:\githubrepo\okaso-engine\game\x64\debug\game.tlog\link.10444-cvtres.write.1.tlog
c:\githubrepo\okaso-engine\game\x64\debug\game.tlog\link.10444-rc.read.1.tlog
c:\githubrepo\okaso-engine\game\x64\debug\game.tlog\link.10444-rc.write.1.tlog
c:\githubrepo\okaso-engine\game\x64\debug\game.tlog\link.10444.delete.1.tlog
c:\githubrepo\okaso-engine\game\x64\debug\game.tlog\link.10444.read.1.tlog
c:\githubrepo\okaso-engine\game\x64\debug\game.tlog\link.10444.read.2.tlog
c:\githubrepo\okaso-engine\game\x64\debug\game.tlog\link.10444.read.3.tlog
c:\githubrepo\okaso-engine\game\x64\debug\game.tlog\link.10444.read.4.tlog
c:\githubrepo\okaso-engine\game\x64\debug\game.tlog\link.10444.write.1.tlog
c:\githubrepo\okaso-engine\game\x64\debug\game.tlog\link.command.1.tlog
c:\githubrepo\okaso-engine\game\x64\debug\game.tlog\link.read.1.tlog
c:\githubrepo\okaso-engine\game\x64\debug\game.tlog\link.read.2.tlog
c:\githubrepo\okaso-engine\game\x64\debug\game.tlog\link.read.3.tlog
c:\githubrepo\okaso-engine\game\x64\debug\game.tlog\link.read.4.tlog
c:\githubrepo\okaso-engine\game\x64\debug\game.tlog\link.secondary.1.tlog
c:\githubrepo\okaso-engine\game\x64\debug\game.tlog\link.write.1.tlog
