c:\githubrepo\okaso-engine\okaso\x64\debug\vc143.pdb
c:\githubrepo\okaso-engine\okaso\x64\debug\vc143.idb
c:\githubrepo\okaso-engine\okaso\x64\debug\window.obj
c:\githubrepo\okaso-engine\okaso\x64\debug\okasodebuger.obj
c:\githubrepo\okaso-engine\okaso\x64\debug\filesreader.obj
c:\githubrepo\okaso-engine\okaso\x64\debug\shape.obj
c:\githubrepo\okaso-engine\okaso\x64\debug\triangle.obj
c:\githubrepo\okaso-engine\okaso\x64\debug\rectangle.obj
c:\githubrepo\okaso-engine\okaso\x64\debug\entity2d.obj
c:\githubrepo\okaso-engine\okaso\x64\debug\entity.obj
c:\githubrepo\okaso-engine\okaso\x64\debug\basegame.obj
c:\githubrepo\okaso-engine\okaso\x64\debug\renderer.obj
c:\githubrepo\okaso-engine\release\okaso.dll
c:\githubrepo\okaso-engine\release\okaso.pdb
c:\githubrepo\okaso-engine\release\okaso.lib
c:\githubrepo\okaso-engine\release\okaso.exp
c:\githubrepo\okaso-engine\okaso\x64\debug\okaso.ilk
c:\githubrepo\okaso-engine\okaso\x64\debug\okaso.tlog\cl.command.1.tlog
c:\githubrepo\okaso-engine\okaso\x64\debug\okaso.tlog\cl.items.tlog
c:\githubrepo\okaso-engine\okaso\x64\debug\okaso.tlog\cl.read.1.tlog
c:\githubrepo\okaso-engine\okaso\x64\debug\okaso.tlog\cl.write.1.tlog
c:\githubrepo\okaso-engine\okaso\x64\debug\okaso.tlog\link.command.1.tlog
c:\githubrepo\okaso-engine\okaso\x64\debug\okaso.tlog\link.read.1.tlog
c:\githubrepo\okaso-engine\okaso\x64\debug\okaso.tlog\link.secondary.1.tlog
c:\githubrepo\okaso-engine\okaso\x64\debug\okaso.tlog\link.write.1.tlog
